<?xml version="1.0" encoding="UTF-8"?>
<!-- Generated by org.testng.reporters.JUnitXMLReporter -->
<testsuite ignored="0" hostname="JohnSun" failures="0" tests="3" name="Default test" time="64.23" errors="0" timestamp="2024-04-15T14:49:28 IST">
  <testcase classname="testrunner.loginTestRunner" name="runScenario" time="21.584"/>
  <testcase classname="testrunner.loginTestRunner" name="runScenario" time="21.639"/>
  <testcase classname="testrunner.loginTestRunner" name="runScenario" time="20.757"/>
</testsuite> <!-- Default test -->
