<?xml version="1.0" encoding="UTF-8"?>
<!-- Generated by org.testng.reporters.JUnitXMLReporter -->
<testsuite ignored="0" hostname="JohnSun" failures="3" tests="3" name="Check all Login Scenarios" time="36.144" errors="0" timestamp="2024-04-15T11:50:14 IST">
  <testcase classname="testrunner.loginTestRunner" name="runScenario" time="14.414">
    <failure type="org.openqa.selenium.NoSuchSessionException" message="The session identified by 979f7053-c15a-4398-b73b-c396cdb63a85 is not known
Build info: version: &amp;apos;3.141.59&amp;apos;, revision: &amp;apos;e82be7d358&amp;apos;, time: &amp;apos;2018-11-14T08:17:03&amp;apos;
System info: host: &amp;apos;JOHNSUN&amp;apos;, ip: &amp;apos;192.168.29.21&amp;apos;, os.name: &amp;apos;Windows 11&amp;apos;, os.arch: &amp;apos;amd64&amp;apos;, os.version: &amp;apos;10.0&amp;apos;, java.version: &amp;apos;21.0.2&amp;apos;
Driver info: io.appium.java_client.android.AndroidDriver
Capabilities {app: C:\Users\JOHNSUN\Downloads\..., appPackage: com.saucelabs.mydemoapp.rn, automationName: UiAutomator2, databaseEnabled: false, desired: {app: C:\Users\JOHNSUN\Downloads\..., automationName: UiAutomator2, deviceName: Abinash, platformName: android}, deviceApiLevel: 33, deviceManufacturer: Google, deviceModel: sdk_gphone64_x86_64, deviceName: emulator-5554, deviceScreenDensity: 560, deviceScreenSize: 1440x3120, deviceUDID: emulator-5554, javascriptEnabled: true, locationContextEnabled: false, networkConnectionEnabled: true, pixelRatio: 3.5, platform: LINUX, platformName: Android, platformVersion: 13, statBarHeight: 84, takesScreenshot: true, viewportRect: {height: 3036, left: 0, top: 84, width: 1440}, warnings: {}, webStorageEnabled: false}
Session ID: 00ad4861-94c1-4ead-8656-e4f13c426157
*** Element info: {Using=xpath, value=//android.view.ViewGroup[@content-desc=&amp;apos;open menu&amp;apos;]/android.widget.ImageView}">
      <![CDATA[org.openqa.selenium.NoSuchSessionException: The session identified by 979f7053-c15a-4398-b73b-c396cdb63a85 is not known
Build info: version: '3.141.59', revision: 'e82be7d358', time: '2018-11-14T08:17:03'
System info: host: 'JOHNSUN', ip: '192.168.29.21', os.name: 'Windows 11', os.arch: 'amd64', os.version: '10.0', java.version: '21.0.2'
Driver info: io.appium.java_client.android.AndroidDriver
Capabilities {app: C:\Users\JOHNSUN\Downloads\..., appPackage: com.saucelabs.mydemoapp.rn, automationName: UiAutomator2, databaseEnabled: false, desired: {app: C:\Users\JOHNSUN\Downloads\..., automationName: UiAutomator2, deviceName: Abinash, platformName: android}, deviceApiLevel: 33, deviceManufacturer: Google, deviceModel: sdk_gphone64_x86_64, deviceName: emulator-5554, deviceScreenDensity: 560, deviceScreenSize: 1440x3120, deviceUDID: emulator-5554, javascriptEnabled: true, locationContextEnabled: false, networkConnectionEnabled: true, pixelRatio: 3.5, platform: LINUX, platformName: Android, platformVersion: 13, statBarHeight: 84, takesScreenshot: true, viewportRect: {height: 3036, left: 0, top: 84, width: 1440}, warnings: {}, webStorageEnabled: false}
Session ID: 00ad4861-94c1-4ead-8656-e4f13c426157
*** Element info: {Using=xpath, value=//android.view.ViewGroup[@content-desc='open menu']/android.widget.ImageView}
at org.openqa.selenium.remote.http.W3CHttpResponseCodec.createException(W3CHttpResponseCodec.java:187)
at org.openqa.selenium.remote.http.W3CHttpResponseCodec.decode(W3CHttpResponseCodec.java:122)
at org.openqa.selenium.remote.http.W3CHttpResponseCodec.decode(W3CHttpResponseCodec.java:49)
at org.openqa.selenium.remote.HttpCommandExecutor.execute(HttpCommandExecutor.java:158)
at io.appium.java_client.remote.AppiumCommandExecutor.execute(AppiumCommandExecutor.java:247)
at org.openqa.selenium.remote.RemoteWebDriver.execute(RemoteWebDriver.java:552)
at io.appium.java_client.DefaultGenericMobileDriver.execute(DefaultGenericMobileDriver.java:41)
at io.appium.java_client.AppiumDriver.execute(AppiumDriver.java:1)
at io.appium.java_client.android.AndroidDriver.execute(AndroidDriver.java:1)
at org.openqa.selenium.remote.RemoteWebDriver.findElement(RemoteWebDriver.java:323)
at io.appium.java_client.DefaultGenericMobileDriver.findElement(DefaultGenericMobileDriver.java:61)
at io.appium.java_client.AppiumDriver.findElement(AppiumDriver.java:1)
at io.appium.java_client.android.AndroidDriver.findElement(AndroidDriver.java:1)
at org.openqa.selenium.remote.RemoteWebDriver.findElementByXPath(RemoteWebDriver.java:428)
at io.appium.java_client.DefaultGenericMobileDriver.findElementByXPath(DefaultGenericMobileDriver.java:151)
at io.appium.java_client.AppiumDriver.findElementByXPath(AppiumDriver.java:1)
at io.appium.java_client.android.AndroidDriver.findElementByXPath(AndroidDriver.java:1)
at org.openqa.selenium.By$ByXPath.findElement(By.java:353)
at org.openqa.selenium.remote.RemoteWebDriver.findElement(RemoteWebDriver.java:315)
at io.appium.java_client.DefaultGenericMobileDriver.findElement(DefaultGenericMobileDriver.java:57)
at io.appium.java_client.AppiumDriver.findElement(AppiumDriver.java:1)
at io.appium.java_client.android.AndroidDriver.findElement(AndroidDriver.java:1)
at org.openqa.selenium.support.pagefactory.DefaultElementLocator.findElement(DefaultElementLocator.java:69)
at org.openqa.selenium.support.pagefactory.internal.LocatingElementHandler.invoke(LocatingElementHandler.java:38)
at jdk.proxy2/jdk.proxy2.$Proxy24.click(Unknown Source)
at pages.OrderAProduct.clickOnMenu(OrderAProduct.java:333)
at stepdefinition.StepDefinitions.Verify_user_able_to_click_on_Menu(StepDefinitions.java:111)
at ✽.Verify user able to click on Menu(file:///D:/IMP/S/JAVA_WorkSpaces/TestAnge/AppiumAnge/src/test/resources/feature/LoginFunctionality.feature:5)
... Removed 3 stack frames]]>
    </failure>
  </testcase> <!-- runScenario -->
  <testcase classname="testrunner.loginTestRunner" name="runScenario" time="10.64">
    <failure type="org.openqa.selenium.NoSuchSessionException" message="The session identified by 2a5b062a-93c2-4a87-bf79-ca0430dfbcac is not known
Build info: version: &amp;apos;3.141.59&amp;apos;, revision: &amp;apos;e82be7d358&amp;apos;, time: &amp;apos;2018-11-14T08:17:03&amp;apos;
System info: host: &amp;apos;JOHNSUN&amp;apos;, ip: &amp;apos;192.168.29.21&amp;apos;, os.name: &amp;apos;Windows 11&amp;apos;, os.arch: &amp;apos;amd64&amp;apos;, os.version: &amp;apos;10.0&amp;apos;, java.version: &amp;apos;21.0.2&amp;apos;
Driver info: io.appium.java_client.android.AndroidDriver
Capabilities {app: C:\Users\JOHNSUN\Downloads\..., appPackage: com.saucelabs.mydemoapp.rn, automationName: UiAutomator2, databaseEnabled: false, desired: {app: C:\Users\JOHNSUN\Downloads\..., automationName: UiAutomator2, deviceName: Abinash, platformName: android}, deviceApiLevel: 33, deviceManufacturer: Google, deviceModel: sdk_gphone64_x86_64, deviceName: emulator-5554, deviceScreenDensity: 560, deviceScreenSize: 1440x3120, deviceUDID: emulator-5554, javascriptEnabled: true, locationContextEnabled: false, networkConnectionEnabled: true, pixelRatio: 3.5, platform: LINUX, platformName: Android, platformVersion: 13, statBarHeight: 84, takesScreenshot: true, viewportRect: {height: 3036, left: 0, top: 84, width: 1440}, warnings: {}, webStorageEnabled: false}
Session ID: 40fc9496-123b-4698-b29f-4d39d734c0ab
*** Element info: {Using=xpath, value=//android.view.ViewGroup[@content-desc=&amp;apos;open menu&amp;apos;]/android.widget.ImageView}">
      <![CDATA[org.openqa.selenium.NoSuchSessionException: The session identified by 2a5b062a-93c2-4a87-bf79-ca0430dfbcac is not known
Build info: version: '3.141.59', revision: 'e82be7d358', time: '2018-11-14T08:17:03'
System info: host: 'JOHNSUN', ip: '192.168.29.21', os.name: 'Windows 11', os.arch: 'amd64', os.version: '10.0', java.version: '21.0.2'
Driver info: io.appium.java_client.android.AndroidDriver
Capabilities {app: C:\Users\JOHNSUN\Downloads\..., appPackage: com.saucelabs.mydemoapp.rn, automationName: UiAutomator2, databaseEnabled: false, desired: {app: C:\Users\JOHNSUN\Downloads\..., automationName: UiAutomator2, deviceName: Abinash, platformName: android}, deviceApiLevel: 33, deviceManufacturer: Google, deviceModel: sdk_gphone64_x86_64, deviceName: emulator-5554, deviceScreenDensity: 560, deviceScreenSize: 1440x3120, deviceUDID: emulator-5554, javascriptEnabled: true, locationContextEnabled: false, networkConnectionEnabled: true, pixelRatio: 3.5, platform: LINUX, platformName: Android, platformVersion: 13, statBarHeight: 84, takesScreenshot: true, viewportRect: {height: 3036, left: 0, top: 84, width: 1440}, warnings: {}, webStorageEnabled: false}
Session ID: 40fc9496-123b-4698-b29f-4d39d734c0ab
*** Element info: {Using=xpath, value=//android.view.ViewGroup[@content-desc='open menu']/android.widget.ImageView}
at org.openqa.selenium.remote.http.W3CHttpResponseCodec.createException(W3CHttpResponseCodec.java:187)
at org.openqa.selenium.remote.http.W3CHttpResponseCodec.decode(W3CHttpResponseCodec.java:122)
at org.openqa.selenium.remote.http.W3CHttpResponseCodec.decode(W3CHttpResponseCodec.java:49)
at org.openqa.selenium.remote.HttpCommandExecutor.execute(HttpCommandExecutor.java:158)
at io.appium.java_client.remote.AppiumCommandExecutor.execute(AppiumCommandExecutor.java:247)
at org.openqa.selenium.remote.RemoteWebDriver.execute(RemoteWebDriver.java:552)
at io.appium.java_client.DefaultGenericMobileDriver.execute(DefaultGenericMobileDriver.java:41)
at io.appium.java_client.AppiumDriver.execute(AppiumDriver.java:1)
at io.appium.java_client.android.AndroidDriver.execute(AndroidDriver.java:1)
at org.openqa.selenium.remote.RemoteWebDriver.findElement(RemoteWebDriver.java:323)
at io.appium.java_client.DefaultGenericMobileDriver.findElement(DefaultGenericMobileDriver.java:61)
at io.appium.java_client.AppiumDriver.findElement(AppiumDriver.java:1)
at io.appium.java_client.android.AndroidDriver.findElement(AndroidDriver.java:1)
at org.openqa.selenium.remote.RemoteWebDriver.findElementByXPath(RemoteWebDriver.java:428)
at io.appium.java_client.DefaultGenericMobileDriver.findElementByXPath(DefaultGenericMobileDriver.java:151)
at io.appium.java_client.AppiumDriver.findElementByXPath(AppiumDriver.java:1)
at io.appium.java_client.android.AndroidDriver.findElementByXPath(AndroidDriver.java:1)
at org.openqa.selenium.By$ByXPath.findElement(By.java:353)
at org.openqa.selenium.remote.RemoteWebDriver.findElement(RemoteWebDriver.java:315)
at io.appium.java_client.DefaultGenericMobileDriver.findElement(DefaultGenericMobileDriver.java:57)
at io.appium.java_client.AppiumDriver.findElement(AppiumDriver.java:1)
at io.appium.java_client.android.AndroidDriver.findElement(AndroidDriver.java:1)
at org.openqa.selenium.support.pagefactory.DefaultElementLocator.findElement(DefaultElementLocator.java:69)
at org.openqa.selenium.support.pagefactory.internal.LocatingElementHandler.invoke(LocatingElementHandler.java:38)
at jdk.proxy2/jdk.proxy2.$Proxy24.click(Unknown Source)
at pages.OrderAProduct.clickOnMenu(OrderAProduct.java:333)
at stepdefinition.StepDefinitions.Verify_user_able_to_click_on_Menu(StepDefinitions.java:111)
at ✽.Verify user able to click on Menu(file:///D:/IMP/S/JAVA_WorkSpaces/TestAnge/AppiumAnge/src/test/resources/feature/LoginFunctionality.feature:12)
... Removed 3 stack frames]]>
    </failure>
  </testcase> <!-- runScenario -->
  <testcase classname="testrunner.loginTestRunner" name="runScenario" time="10.817">
    <failure type="org.openqa.selenium.NoSuchSessionException" message="The session identified by cea90c3c-7f32-42fe-8bd2-1a0c65c46ac2 is not known
Build info: version: &amp;apos;3.141.59&amp;apos;, revision: &amp;apos;e82be7d358&amp;apos;, time: &amp;apos;2018-11-14T08:17:03&amp;apos;
System info: host: &amp;apos;JOHNSUN&amp;apos;, ip: &amp;apos;192.168.29.21&amp;apos;, os.name: &amp;apos;Windows 11&amp;apos;, os.arch: &amp;apos;amd64&amp;apos;, os.version: &amp;apos;10.0&amp;apos;, java.version: &amp;apos;21.0.2&amp;apos;
Driver info: io.appium.java_client.android.AndroidDriver
Capabilities {app: C:\Users\JOHNSUN\Downloads\..., appPackage: com.saucelabs.mydemoapp.rn, automationName: UiAutomator2, databaseEnabled: false, desired: {app: C:\Users\JOHNSUN\Downloads\..., automationName: UiAutomator2, deviceName: Abinash, platformName: android}, deviceApiLevel: 33, deviceManufacturer: Google, deviceModel: sdk_gphone64_x86_64, deviceName: emulator-5554, deviceScreenDensity: 560, deviceScreenSize: 1440x3120, deviceUDID: emulator-5554, javascriptEnabled: true, locationContextEnabled: false, networkConnectionEnabled: true, pixelRatio: 3.5, platform: LINUX, platformName: Android, platformVersion: 13, statBarHeight: 84, takesScreenshot: true, viewportRect: {height: 3036, left: 0, top: 84, width: 1440}, warnings: {}, webStorageEnabled: false}
Session ID: c4fb4ec9-73b5-450b-80b0-7875f37f8b25
*** Element info: {Using=xpath, value=//android.view.ViewGroup[@content-desc=&amp;apos;open menu&amp;apos;]/android.widget.ImageView}">
      <![CDATA[org.openqa.selenium.NoSuchSessionException: The session identified by cea90c3c-7f32-42fe-8bd2-1a0c65c46ac2 is not known
Build info: version: '3.141.59', revision: 'e82be7d358', time: '2018-11-14T08:17:03'
System info: host: 'JOHNSUN', ip: '192.168.29.21', os.name: 'Windows 11', os.arch: 'amd64', os.version: '10.0', java.version: '21.0.2'
Driver info: io.appium.java_client.android.AndroidDriver
Capabilities {app: C:\Users\JOHNSUN\Downloads\..., appPackage: com.saucelabs.mydemoapp.rn, automationName: UiAutomator2, databaseEnabled: false, desired: {app: C:\Users\JOHNSUN\Downloads\..., automationName: UiAutomator2, deviceName: Abinash, platformName: android}, deviceApiLevel: 33, deviceManufacturer: Google, deviceModel: sdk_gphone64_x86_64, deviceName: emulator-5554, deviceScreenDensity: 560, deviceScreenSize: 1440x3120, deviceUDID: emulator-5554, javascriptEnabled: true, locationContextEnabled: false, networkConnectionEnabled: true, pixelRatio: 3.5, platform: LINUX, platformName: Android, platformVersion: 13, statBarHeight: 84, takesScreenshot: true, viewportRect: {height: 3036, left: 0, top: 84, width: 1440}, warnings: {}, webStorageEnabled: false}
Session ID: c4fb4ec9-73b5-450b-80b0-7875f37f8b25
*** Element info: {Using=xpath, value=//android.view.ViewGroup[@content-desc='open menu']/android.widget.ImageView}
at org.openqa.selenium.remote.http.W3CHttpResponseCodec.createException(W3CHttpResponseCodec.java:187)
at org.openqa.selenium.remote.http.W3CHttpResponseCodec.decode(W3CHttpResponseCodec.java:122)
at org.openqa.selenium.remote.http.W3CHttpResponseCodec.decode(W3CHttpResponseCodec.java:49)
at org.openqa.selenium.remote.HttpCommandExecutor.execute(HttpCommandExecutor.java:158)
at io.appium.java_client.remote.AppiumCommandExecutor.execute(AppiumCommandExecutor.java:247)
at org.openqa.selenium.remote.RemoteWebDriver.execute(RemoteWebDriver.java:552)
at io.appium.java_client.DefaultGenericMobileDriver.execute(DefaultGenericMobileDriver.java:41)
at io.appium.java_client.AppiumDriver.execute(AppiumDriver.java:1)
at io.appium.java_client.android.AndroidDriver.execute(AndroidDriver.java:1)
at org.openqa.selenium.remote.RemoteWebDriver.findElement(RemoteWebDriver.java:323)
at io.appium.java_client.DefaultGenericMobileDriver.findElement(DefaultGenericMobileDriver.java:61)
at io.appium.java_client.AppiumDriver.findElement(AppiumDriver.java:1)
at io.appium.java_client.android.AndroidDriver.findElement(AndroidDriver.java:1)
at org.openqa.selenium.remote.RemoteWebDriver.findElementByXPath(RemoteWebDriver.java:428)
at io.appium.java_client.DefaultGenericMobileDriver.findElementByXPath(DefaultGenericMobileDriver.java:151)
at io.appium.java_client.AppiumDriver.findElementByXPath(AppiumDriver.java:1)
at io.appium.java_client.android.AndroidDriver.findElementByXPath(AndroidDriver.java:1)
at org.openqa.selenium.By$ByXPath.findElement(By.java:353)
at org.openqa.selenium.remote.RemoteWebDriver.findElement(RemoteWebDriver.java:315)
at io.appium.java_client.DefaultGenericMobileDriver.findElement(DefaultGenericMobileDriver.java:57)
at io.appium.java_client.AppiumDriver.findElement(AppiumDriver.java:1)
at io.appium.java_client.android.AndroidDriver.findElement(AndroidDriver.java:1)
at org.openqa.selenium.support.pagefactory.DefaultElementLocator.findElement(DefaultElementLocator.java:69)
at org.openqa.selenium.support.pagefactory.internal.LocatingElementHandler.invoke(LocatingElementHandler.java:38)
at jdk.proxy2/jdk.proxy2.$Proxy24.click(Unknown Source)
at pages.OrderAProduct.clickOnMenu(OrderAProduct.java:333)
at stepdefinition.StepDefinitions.Verify_user_able_to_click_on_Menu(StepDefinitions.java:111)
at ✽.Verify user able to click on Menu(file:///D:/IMP/S/JAVA_WorkSpaces/TestAnge/AppiumAnge/src/test/resources/feature/LoginFunctionality.feature:18)
... Removed 3 stack frames]]>
    </failure>
  </testcase> <!-- runScenario -->
</testsuite> <!-- Check all Login Scenarios -->
