<?xml version="1.0" encoding="UTF-8"?>
<!-- Generated by org.testng.reporters.JUnitXMLReporter -->
<testsuite ignored="0" hostname="JohnSun" failures="4" tests="4" name="Check all Ordering Test" time="49.827" errors="0" timestamp="2024-04-15T11:51:04 IST">
  <testcase classname="testrunner.OrderTestRunner" name="runScenario" time="12.83">
    <failure type="org.openqa.selenium.NoSuchSessionException" message="The session identified by 13cc1bf4-78fb-478d-b93f-0aff12a56bb7 is not known
Build info: version: &amp;apos;3.141.59&amp;apos;, revision: &amp;apos;e82be7d358&amp;apos;, time: &amp;apos;2018-11-14T08:17:03&amp;apos;
System info: host: &amp;apos;JOHNSUN&amp;apos;, ip: &amp;apos;192.168.29.21&amp;apos;, os.name: &amp;apos;Windows 11&amp;apos;, os.arch: &amp;apos;amd64&amp;apos;, os.version: &amp;apos;10.0&amp;apos;, java.version: &amp;apos;21.0.2&amp;apos;
Driver info: io.appium.java_client.android.AndroidDriver
Capabilities {app: C:\Users\JOHNSUN\Downloads\..., appPackage: com.saucelabs.mydemoapp.rn, automationName: UiAutomator2, databaseEnabled: false, desired: {app: C:\Users\JOHNSUN\Downloads\..., automationName: UiAutomator2, deviceName: Abinash, platformName: android}, deviceApiLevel: 33, deviceManufacturer: Google, deviceModel: sdk_gphone64_x86_64, deviceName: emulator-5554, deviceScreenDensity: 560, deviceScreenSize: 1440x3120, deviceUDID: emulator-5554, javascriptEnabled: true, locationContextEnabled: false, networkConnectionEnabled: true, pixelRatio: 3.5, platform: LINUX, platformName: Android, platformVersion: 13, statBarHeight: 84, takesScreenshot: true, viewportRect: {height: 3036, left: 0, top: 84, width: 1440}, warnings: {}, webStorageEnabled: false}
Session ID: 8f4a2511-cd32-4b77-a3f6-172b1e5990cd
*** Element info: {Using=xpath, value=(//android.view.ViewGroup[@content-desc=&amp;apos;store item&amp;apos;])[1]/android.view.ViewGroup[1]/android.widget.ImageView}">
      <![CDATA[org.openqa.selenium.NoSuchSessionException: The session identified by 13cc1bf4-78fb-478d-b93f-0aff12a56bb7 is not known
Build info: version: '3.141.59', revision: 'e82be7d358', time: '2018-11-14T08:17:03'
System info: host: 'JOHNSUN', ip: '192.168.29.21', os.name: 'Windows 11', os.arch: 'amd64', os.version: '10.0', java.version: '21.0.2'
Driver info: io.appium.java_client.android.AndroidDriver
Capabilities {app: C:\Users\JOHNSUN\Downloads\..., appPackage: com.saucelabs.mydemoapp.rn, automationName: UiAutomator2, databaseEnabled: false, desired: {app: C:\Users\JOHNSUN\Downloads\..., automationName: UiAutomator2, deviceName: Abinash, platformName: android}, deviceApiLevel: 33, deviceManufacturer: Google, deviceModel: sdk_gphone64_x86_64, deviceName: emulator-5554, deviceScreenDensity: 560, deviceScreenSize: 1440x3120, deviceUDID: emulator-5554, javascriptEnabled: true, locationContextEnabled: false, networkConnectionEnabled: true, pixelRatio: 3.5, platform: LINUX, platformName: Android, platformVersion: 13, statBarHeight: 84, takesScreenshot: true, viewportRect: {height: 3036, left: 0, top: 84, width: 1440}, warnings: {}, webStorageEnabled: false}
Session ID: 8f4a2511-cd32-4b77-a3f6-172b1e5990cd
*** Element info: {Using=xpath, value=(//android.view.ViewGroup[@content-desc='store item'])[1]/android.view.ViewGroup[1]/android.widget.ImageView}
at org.openqa.selenium.remote.http.W3CHttpResponseCodec.createException(W3CHttpResponseCodec.java:187)
at org.openqa.selenium.remote.http.W3CHttpResponseCodec.decode(W3CHttpResponseCodec.java:122)
at org.openqa.selenium.remote.http.W3CHttpResponseCodec.decode(W3CHttpResponseCodec.java:49)
at org.openqa.selenium.remote.HttpCommandExecutor.execute(HttpCommandExecutor.java:158)
at io.appium.java_client.remote.AppiumCommandExecutor.execute(AppiumCommandExecutor.java:247)
at org.openqa.selenium.remote.RemoteWebDriver.execute(RemoteWebDriver.java:552)
at io.appium.java_client.DefaultGenericMobileDriver.execute(DefaultGenericMobileDriver.java:41)
at io.appium.java_client.AppiumDriver.execute(AppiumDriver.java:1)
at io.appium.java_client.android.AndroidDriver.execute(AndroidDriver.java:1)
at org.openqa.selenium.remote.RemoteWebDriver.findElement(RemoteWebDriver.java:323)
at io.appium.java_client.DefaultGenericMobileDriver.findElement(DefaultGenericMobileDriver.java:61)
at io.appium.java_client.AppiumDriver.findElement(AppiumDriver.java:1)
at io.appium.java_client.android.AndroidDriver.findElement(AndroidDriver.java:1)
at org.openqa.selenium.remote.RemoteWebDriver.findElementByXPath(RemoteWebDriver.java:428)
at io.appium.java_client.DefaultGenericMobileDriver.findElementByXPath(DefaultGenericMobileDriver.java:151)
at io.appium.java_client.AppiumDriver.findElementByXPath(AppiumDriver.java:1)
at io.appium.java_client.android.AndroidDriver.findElementByXPath(AndroidDriver.java:1)
at org.openqa.selenium.By$ByXPath.findElement(By.java:353)
at org.openqa.selenium.remote.RemoteWebDriver.findElement(RemoteWebDriver.java:315)
at io.appium.java_client.DefaultGenericMobileDriver.findElement(DefaultGenericMobileDriver.java:57)
at io.appium.java_client.AppiumDriver.findElement(AppiumDriver.java:1)
at io.appium.java_client.android.AndroidDriver.findElement(AndroidDriver.java:1)
at org.openqa.selenium.support.pagefactory.DefaultElementLocator.findElement(DefaultElementLocator.java:69)
at org.openqa.selenium.support.pagefactory.internal.LocatingElementHandler.invoke(LocatingElementHandler.java:38)
at jdk.proxy2/jdk.proxy2.$Proxy24.click(Unknown Source)
at pages.OrderAProduct.clickOnProductImage(OrderAProduct.java:149)
at stepdefinition.StepDefinitions.Verify_user_able_to_click_on_product(StepDefinitions.java:42)
at ✽.Verify user able to click on product(file:///D:/IMP/S/JAVA_WorkSpaces/TestAnge/AppiumAnge/src/test/resources/feature/OrderProduct.feature:6)
... Removed 3 stack frames]]>
    </failure>
  </testcase> <!-- runScenario -->
  <testcase classname="testrunner.OrderTestRunner" name="runScenario" time="12.19">
    <failure type="org.openqa.selenium.NoSuchSessionException" message="The session identified by 0f908c6a-f27f-4864-9c94-57abe4f44f6b is not known
Build info: version: &amp;apos;3.141.59&amp;apos;, revision: &amp;apos;e82be7d358&amp;apos;, time: &amp;apos;2018-11-14T08:17:03&amp;apos;
System info: host: &amp;apos;JOHNSUN&amp;apos;, ip: &amp;apos;192.168.29.21&amp;apos;, os.name: &amp;apos;Windows 11&amp;apos;, os.arch: &amp;apos;amd64&amp;apos;, os.version: &amp;apos;10.0&amp;apos;, java.version: &amp;apos;21.0.2&amp;apos;
Driver info: io.appium.java_client.android.AndroidDriver
Capabilities {app: C:\Users\JOHNSUN\Downloads\..., appPackage: com.saucelabs.mydemoapp.rn, automationName: UiAutomator2, databaseEnabled: false, desired: {app: C:\Users\JOHNSUN\Downloads\..., automationName: UiAutomator2, deviceName: Abinash, platformName: android}, deviceApiLevel: 33, deviceManufacturer: Google, deviceModel: sdk_gphone64_x86_64, deviceName: emulator-5554, deviceScreenDensity: 560, deviceScreenSize: 1440x3120, deviceUDID: emulator-5554, javascriptEnabled: true, locationContextEnabled: false, networkConnectionEnabled: true, pixelRatio: 3.5, platform: LINUX, platformName: Android, platformVersion: 13, statBarHeight: 84, takesScreenshot: true, viewportRect: {height: 3036, left: 0, top: 84, width: 1440}, warnings: {}, webStorageEnabled: false}
Session ID: 1cfef703-6aea-499b-84c7-12d94bb16dc5
*** Element info: {Using=xpath, value=(//android.view.ViewGroup[@content-desc=&amp;apos;store item&amp;apos;])[1]/android.view.ViewGroup[1]/android.widget.ImageView}">
      <![CDATA[org.openqa.selenium.NoSuchSessionException: The session identified by 0f908c6a-f27f-4864-9c94-57abe4f44f6b is not known
Build info: version: '3.141.59', revision: 'e82be7d358', time: '2018-11-14T08:17:03'
System info: host: 'JOHNSUN', ip: '192.168.29.21', os.name: 'Windows 11', os.arch: 'amd64', os.version: '10.0', java.version: '21.0.2'
Driver info: io.appium.java_client.android.AndroidDriver
Capabilities {app: C:\Users\JOHNSUN\Downloads\..., appPackage: com.saucelabs.mydemoapp.rn, automationName: UiAutomator2, databaseEnabled: false, desired: {app: C:\Users\JOHNSUN\Downloads\..., automationName: UiAutomator2, deviceName: Abinash, platformName: android}, deviceApiLevel: 33, deviceManufacturer: Google, deviceModel: sdk_gphone64_x86_64, deviceName: emulator-5554, deviceScreenDensity: 560, deviceScreenSize: 1440x3120, deviceUDID: emulator-5554, javascriptEnabled: true, locationContextEnabled: false, networkConnectionEnabled: true, pixelRatio: 3.5, platform: LINUX, platformName: Android, platformVersion: 13, statBarHeight: 84, takesScreenshot: true, viewportRect: {height: 3036, left: 0, top: 84, width: 1440}, warnings: {}, webStorageEnabled: false}
Session ID: 1cfef703-6aea-499b-84c7-12d94bb16dc5
*** Element info: {Using=xpath, value=(//android.view.ViewGroup[@content-desc='store item'])[1]/android.view.ViewGroup[1]/android.widget.ImageView}
at org.openqa.selenium.remote.http.W3CHttpResponseCodec.createException(W3CHttpResponseCodec.java:187)
at org.openqa.selenium.remote.http.W3CHttpResponseCodec.decode(W3CHttpResponseCodec.java:122)
at org.openqa.selenium.remote.http.W3CHttpResponseCodec.decode(W3CHttpResponseCodec.java:49)
at org.openqa.selenium.remote.HttpCommandExecutor.execute(HttpCommandExecutor.java:158)
at io.appium.java_client.remote.AppiumCommandExecutor.execute(AppiumCommandExecutor.java:247)
at org.openqa.selenium.remote.RemoteWebDriver.execute(RemoteWebDriver.java:552)
at io.appium.java_client.DefaultGenericMobileDriver.execute(DefaultGenericMobileDriver.java:41)
at io.appium.java_client.AppiumDriver.execute(AppiumDriver.java:1)
at io.appium.java_client.android.AndroidDriver.execute(AndroidDriver.java:1)
at org.openqa.selenium.remote.RemoteWebDriver.findElement(RemoteWebDriver.java:323)
at io.appium.java_client.DefaultGenericMobileDriver.findElement(DefaultGenericMobileDriver.java:61)
at io.appium.java_client.AppiumDriver.findElement(AppiumDriver.java:1)
at io.appium.java_client.android.AndroidDriver.findElement(AndroidDriver.java:1)
at org.openqa.selenium.remote.RemoteWebDriver.findElementByXPath(RemoteWebDriver.java:428)
at io.appium.java_client.DefaultGenericMobileDriver.findElementByXPath(DefaultGenericMobileDriver.java:151)
at io.appium.java_client.AppiumDriver.findElementByXPath(AppiumDriver.java:1)
at io.appium.java_client.android.AndroidDriver.findElementByXPath(AndroidDriver.java:1)
at org.openqa.selenium.By$ByXPath.findElement(By.java:353)
at org.openqa.selenium.remote.RemoteWebDriver.findElement(RemoteWebDriver.java:315)
at io.appium.java_client.DefaultGenericMobileDriver.findElement(DefaultGenericMobileDriver.java:57)
at io.appium.java_client.AppiumDriver.findElement(AppiumDriver.java:1)
at io.appium.java_client.android.AndroidDriver.findElement(AndroidDriver.java:1)
at org.openqa.selenium.support.pagefactory.DefaultElementLocator.findElement(DefaultElementLocator.java:69)
at org.openqa.selenium.support.pagefactory.internal.LocatingElementHandler.invoke(LocatingElementHandler.java:38)
at jdk.proxy2/jdk.proxy2.$Proxy24.click(Unknown Source)
at pages.OrderAProduct.clickOnProductImage(OrderAProduct.java:149)
at stepdefinition.StepDefinitions.Verify_user_able_to_click_on_product(StepDefinitions.java:42)
at ✽.Verify user able to click on product(file:///D:/IMP/S/JAVA_WorkSpaces/TestAnge/AppiumAnge/src/test/resources/feature/OrderProduct.feature:20)
... Removed 3 stack frames]]>
    </failure>
  </testcase> <!-- runScenario -->
  <testcase classname="testrunner.OrderTestRunner" name="runScenario" time="12.276">
    <failure type="org.openqa.selenium.NoSuchSessionException" message="The session identified by 47e71f30-04bf-4890-ad59-b3e6d4dfce49 is not known
Build info: version: &amp;apos;3.141.59&amp;apos;, revision: &amp;apos;e82be7d358&amp;apos;, time: &amp;apos;2018-11-14T08:17:03&amp;apos;
System info: host: &amp;apos;JOHNSUN&amp;apos;, ip: &amp;apos;192.168.29.21&amp;apos;, os.name: &amp;apos;Windows 11&amp;apos;, os.arch: &amp;apos;amd64&amp;apos;, os.version: &amp;apos;10.0&amp;apos;, java.version: &amp;apos;21.0.2&amp;apos;
Driver info: io.appium.java_client.android.AndroidDriver
Capabilities {app: C:\Users\JOHNSUN\Downloads\..., appPackage: com.saucelabs.mydemoapp.rn, automationName: UiAutomator2, databaseEnabled: false, desired: {app: C:\Users\JOHNSUN\Downloads\..., automationName: UiAutomator2, deviceName: Abinash, platformName: android}, deviceApiLevel: 33, deviceManufacturer: Google, deviceModel: sdk_gphone64_x86_64, deviceName: emulator-5554, deviceScreenDensity: 560, deviceScreenSize: 1440x3120, deviceUDID: emulator-5554, javascriptEnabled: true, locationContextEnabled: false, networkConnectionEnabled: true, pixelRatio: 3.5, platform: LINUX, platformName: Android, platformVersion: 13, statBarHeight: 84, takesScreenshot: true, viewportRect: {height: 3036, left: 0, top: 84, width: 1440}, warnings: {}, webStorageEnabled: false}
Session ID: 7f176f3d-8293-4608-9af7-f6858cb167c5
*** Element info: {Using=xpath, value=(//android.view.ViewGroup[@content-desc=&amp;apos;store item&amp;apos;])[1]/android.view.ViewGroup[1]/android.widget.ImageView}">
      <![CDATA[org.openqa.selenium.NoSuchSessionException: The session identified by 47e71f30-04bf-4890-ad59-b3e6d4dfce49 is not known
Build info: version: '3.141.59', revision: 'e82be7d358', time: '2018-11-14T08:17:03'
System info: host: 'JOHNSUN', ip: '192.168.29.21', os.name: 'Windows 11', os.arch: 'amd64', os.version: '10.0', java.version: '21.0.2'
Driver info: io.appium.java_client.android.AndroidDriver
Capabilities {app: C:\Users\JOHNSUN\Downloads\..., appPackage: com.saucelabs.mydemoapp.rn, automationName: UiAutomator2, databaseEnabled: false, desired: {app: C:\Users\JOHNSUN\Downloads\..., automationName: UiAutomator2, deviceName: Abinash, platformName: android}, deviceApiLevel: 33, deviceManufacturer: Google, deviceModel: sdk_gphone64_x86_64, deviceName: emulator-5554, deviceScreenDensity: 560, deviceScreenSize: 1440x3120, deviceUDID: emulator-5554, javascriptEnabled: true, locationContextEnabled: false, networkConnectionEnabled: true, pixelRatio: 3.5, platform: LINUX, platformName: Android, platformVersion: 13, statBarHeight: 84, takesScreenshot: true, viewportRect: {height: 3036, left: 0, top: 84, width: 1440}, warnings: {}, webStorageEnabled: false}
Session ID: 7f176f3d-8293-4608-9af7-f6858cb167c5
*** Element info: {Using=xpath, value=(//android.view.ViewGroup[@content-desc='store item'])[1]/android.view.ViewGroup[1]/android.widget.ImageView}
at org.openqa.selenium.remote.http.W3CHttpResponseCodec.createException(W3CHttpResponseCodec.java:187)
at org.openqa.selenium.remote.http.W3CHttpResponseCodec.decode(W3CHttpResponseCodec.java:122)
at org.openqa.selenium.remote.http.W3CHttpResponseCodec.decode(W3CHttpResponseCodec.java:49)
at org.openqa.selenium.remote.HttpCommandExecutor.execute(HttpCommandExecutor.java:158)
at io.appium.java_client.remote.AppiumCommandExecutor.execute(AppiumCommandExecutor.java:247)
at org.openqa.selenium.remote.RemoteWebDriver.execute(RemoteWebDriver.java:552)
at io.appium.java_client.DefaultGenericMobileDriver.execute(DefaultGenericMobileDriver.java:41)
at io.appium.java_client.AppiumDriver.execute(AppiumDriver.java:1)
at io.appium.java_client.android.AndroidDriver.execute(AndroidDriver.java:1)
at org.openqa.selenium.remote.RemoteWebDriver.findElement(RemoteWebDriver.java:323)
at io.appium.java_client.DefaultGenericMobileDriver.findElement(DefaultGenericMobileDriver.java:61)
at io.appium.java_client.AppiumDriver.findElement(AppiumDriver.java:1)
at io.appium.java_client.android.AndroidDriver.findElement(AndroidDriver.java:1)
at org.openqa.selenium.remote.RemoteWebDriver.findElementByXPath(RemoteWebDriver.java:428)
at io.appium.java_client.DefaultGenericMobileDriver.findElementByXPath(DefaultGenericMobileDriver.java:151)
at io.appium.java_client.AppiumDriver.findElementByXPath(AppiumDriver.java:1)
at io.appium.java_client.android.AndroidDriver.findElementByXPath(AndroidDriver.java:1)
at org.openqa.selenium.By$ByXPath.findElement(By.java:353)
at org.openqa.selenium.remote.RemoteWebDriver.findElement(RemoteWebDriver.java:315)
at io.appium.java_client.DefaultGenericMobileDriver.findElement(DefaultGenericMobileDriver.java:57)
at io.appium.java_client.AppiumDriver.findElement(AppiumDriver.java:1)
at io.appium.java_client.android.AndroidDriver.findElement(AndroidDriver.java:1)
at org.openqa.selenium.support.pagefactory.DefaultElementLocator.findElement(DefaultElementLocator.java:69)
at org.openqa.selenium.support.pagefactory.internal.LocatingElementHandler.invoke(LocatingElementHandler.java:38)
at jdk.proxy2/jdk.proxy2.$Proxy24.click(Unknown Source)
at pages.OrderAProduct.clickOnProductImage(OrderAProduct.java:149)
at stepdefinition.StepDefinitions.Verify_user_able_to_click_on_product(StepDefinitions.java:42)
at ✽.Verify user able to click on product(file:///D:/IMP/S/JAVA_WorkSpaces/TestAnge/AppiumAnge/src/test/resources/feature/OrderProduct.feature:33)
... Removed 3 stack frames]]>
    </failure>
  </testcase> <!-- runScenario -->
  <testcase classname="testrunner.OrderTestRunner" name="runScenario" time="12.482">
    <failure type="org.openqa.selenium.NoSuchSessionException" message="The session identified by f431de94-86a5-4949-b4a0-88b6f90e586e is not known
Build info: version: &amp;apos;3.141.59&amp;apos;, revision: &amp;apos;e82be7d358&amp;apos;, time: &amp;apos;2018-11-14T08:17:03&amp;apos;
System info: host: &amp;apos;JOHNSUN&amp;apos;, ip: &amp;apos;192.168.29.21&amp;apos;, os.name: &amp;apos;Windows 11&amp;apos;, os.arch: &amp;apos;amd64&amp;apos;, os.version: &amp;apos;10.0&amp;apos;, java.version: &amp;apos;21.0.2&amp;apos;
Driver info: io.appium.java_client.android.AndroidDriver
Capabilities {app: C:\Users\JOHNSUN\Downloads\..., appPackage: com.saucelabs.mydemoapp.rn, automationName: UiAutomator2, databaseEnabled: false, desired: {app: C:\Users\JOHNSUN\Downloads\..., automationName: UiAutomator2, deviceName: Abinash, platformName: android}, deviceApiLevel: 33, deviceManufacturer: Google, deviceModel: sdk_gphone64_x86_64, deviceName: emulator-5554, deviceScreenDensity: 560, deviceScreenSize: 1440x3120, deviceUDID: emulator-5554, javascriptEnabled: true, locationContextEnabled: false, networkConnectionEnabled: true, pixelRatio: 3.5, platform: LINUX, platformName: Android, platformVersion: 13, statBarHeight: 84, takesScreenshot: true, viewportRect: {height: 3036, left: 0, top: 84, width: 1440}, warnings: {}, webStorageEnabled: false}
Session ID: 6d7b99ae-c21c-4ef5-af0d-dd6bb2489439
*** Element info: {Using=xpath, value=(//android.view.ViewGroup[@content-desc=&amp;apos;store item&amp;apos;])[1]/android.view.ViewGroup[1]/android.widget.ImageView}">
      <![CDATA[org.openqa.selenium.NoSuchSessionException: The session identified by f431de94-86a5-4949-b4a0-88b6f90e586e is not known
Build info: version: '3.141.59', revision: 'e82be7d358', time: '2018-11-14T08:17:03'
System info: host: 'JOHNSUN', ip: '192.168.29.21', os.name: 'Windows 11', os.arch: 'amd64', os.version: '10.0', java.version: '21.0.2'
Driver info: io.appium.java_client.android.AndroidDriver
Capabilities {app: C:\Users\JOHNSUN\Downloads\..., appPackage: com.saucelabs.mydemoapp.rn, automationName: UiAutomator2, databaseEnabled: false, desired: {app: C:\Users\JOHNSUN\Downloads\..., automationName: UiAutomator2, deviceName: Abinash, platformName: android}, deviceApiLevel: 33, deviceManufacturer: Google, deviceModel: sdk_gphone64_x86_64, deviceName: emulator-5554, deviceScreenDensity: 560, deviceScreenSize: 1440x3120, deviceUDID: emulator-5554, javascriptEnabled: true, locationContextEnabled: false, networkConnectionEnabled: true, pixelRatio: 3.5, platform: LINUX, platformName: Android, platformVersion: 13, statBarHeight: 84, takesScreenshot: true, viewportRect: {height: 3036, left: 0, top: 84, width: 1440}, warnings: {}, webStorageEnabled: false}
Session ID: 6d7b99ae-c21c-4ef5-af0d-dd6bb2489439
*** Element info: {Using=xpath, value=(//android.view.ViewGroup[@content-desc='store item'])[1]/android.view.ViewGroup[1]/android.widget.ImageView}
at org.openqa.selenium.remote.http.W3CHttpResponseCodec.createException(W3CHttpResponseCodec.java:187)
at org.openqa.selenium.remote.http.W3CHttpResponseCodec.decode(W3CHttpResponseCodec.java:122)
at org.openqa.selenium.remote.http.W3CHttpResponseCodec.decode(W3CHttpResponseCodec.java:49)
at org.openqa.selenium.remote.HttpCommandExecutor.execute(HttpCommandExecutor.java:158)
at io.appium.java_client.remote.AppiumCommandExecutor.execute(AppiumCommandExecutor.java:247)
at org.openqa.selenium.remote.RemoteWebDriver.execute(RemoteWebDriver.java:552)
at io.appium.java_client.DefaultGenericMobileDriver.execute(DefaultGenericMobileDriver.java:41)
at io.appium.java_client.AppiumDriver.execute(AppiumDriver.java:1)
at io.appium.java_client.android.AndroidDriver.execute(AndroidDriver.java:1)
at org.openqa.selenium.remote.RemoteWebDriver.findElement(RemoteWebDriver.java:323)
at io.appium.java_client.DefaultGenericMobileDriver.findElement(DefaultGenericMobileDriver.java:61)
at io.appium.java_client.AppiumDriver.findElement(AppiumDriver.java:1)
at io.appium.java_client.android.AndroidDriver.findElement(AndroidDriver.java:1)
at org.openqa.selenium.remote.RemoteWebDriver.findElementByXPath(RemoteWebDriver.java:428)
at io.appium.java_client.DefaultGenericMobileDriver.findElementByXPath(DefaultGenericMobileDriver.java:151)
at io.appium.java_client.AppiumDriver.findElementByXPath(AppiumDriver.java:1)
at io.appium.java_client.android.AndroidDriver.findElementByXPath(AndroidDriver.java:1)
at org.openqa.selenium.By$ByXPath.findElement(By.java:353)
at org.openqa.selenium.remote.RemoteWebDriver.findElement(RemoteWebDriver.java:315)
at io.appium.java_client.DefaultGenericMobileDriver.findElement(DefaultGenericMobileDriver.java:57)
at io.appium.java_client.AppiumDriver.findElement(AppiumDriver.java:1)
at io.appium.java_client.android.AndroidDriver.findElement(AndroidDriver.java:1)
at org.openqa.selenium.support.pagefactory.DefaultElementLocator.findElement(DefaultElementLocator.java:69)
at org.openqa.selenium.support.pagefactory.internal.LocatingElementHandler.invoke(LocatingElementHandler.java:38)
at jdk.proxy2/jdk.proxy2.$Proxy24.click(Unknown Source)
at pages.OrderAProduct.clickOnProductImage(OrderAProduct.java:149)
at stepdefinition.StepDefinitions.Verify_user_able_to_click_on_product(StepDefinitions.java:42)
at ✽.Verify user able to click on product(file:///D:/IMP/S/JAVA_WorkSpaces/TestAnge/AppiumAnge/src/test/resources/feature/OrderProduct.feature:48)
... Removed 3 stack frames]]>
    </failure>
  </testcase> <!-- runScenario -->
</testsuite> <!-- Check all Ordering Test -->
