<?xml version="1.0" encoding="UTF-8"?>
<!-- Generated by org.testng.reporters.JUnitXMLReporter -->
<testsuite ignored="0" hostname="JohnSun" failures="0" tests="3" name="GET Booking IDs Test" time="46.32" errors="0" timestamp="2024-04-14T19:50:48 IST">
  <testcase classname="testrunner.loginTestRunner" name="runScenario" time="14.933"/>
  <testcase classname="testrunner.loginTestRunner" name="runScenario" time="15.721"/>
  <testcase classname="testrunner.loginTestRunner" name="runScenario" time="15.433"/>
</testsuite> <!-- GET Booking IDs Test -->
