<?xml version="1.0" encoding="UTF-8"?>
<testng-results ignored="0" total="3" passed="3" failed="0" skipped="0">
  <reporter-output>
  </reporter-output>
  <suite started-at="2024-04-15T14:48:24 IST" name="Default suite" finished-at="2024-04-15T14:49:28 IST" duration-ms="64230">
    <groups>
      <group name="cucumber">
        <method signature="loginTestRunner.runScenario(io.cucumber.testng.PickleWrapper,io.cucumber.testng.FeatureWrapper)[pri:0, instance:testrunner.loginTestRunner@51399530]" name="runScenario" class="testrunner.loginTestRunner"/>
      </group> <!-- cucumber -->
    </groups>
    <test started-at="2024-04-15T14:48:24 IST" name="Default test" finished-at="2024-04-15T14:49:28 IST" duration-ms="64230">
      <class name="testrunner.loginTestRunner">
        <test-method is-config="true" signature="setUpSuite()[pri:0, instance:testrunner.loginTestRunner@51399530]" started-at="2024-04-15T14:48:24 IST" name="setUpSuite" finished-at="2024-04-15T14:48:24 IST" duration-ms="214" status="PASS">
          <reporter-output>
          </reporter-output>
        </test-method> <!-- setUpSuite -->
        <test-method is-config="true" signature="setUpClass(org.testng.ITestContext)[pri:0, instance:testrunner.loginTestRunner@51399530]" started-at="2024-04-15T14:48:24 IST" name="setUpClass" finished-at="2024-04-15T14:48:24 IST" duration-ms="182" status="PASS">
          <params>
            <param index="0">
              <value>
                <![CDATA[org.testng.TestRunner@176f7f3b]]>
              </value>
            </param>
          </params>
          <reporter-output>
          </reporter-output>
        </test-method> <!-- setUpClass -->
        <test-method is-config="true" signature="setUpClass()[pri:0, instance:testrunner.loginTestRunner@51399530]" started-at="2024-04-15T14:48:24 IST" name="setUpClass" finished-at="2024-04-15T14:48:24 IST" duration-ms="9" status="PASS">
          <reporter-output>
          </reporter-output>
        </test-method> <!-- setUpClass -->
        <test-method signature="runScenario(io.cucumber.testng.PickleWrapper,io.cucumber.testng.FeatureWrapper)[pri:0, instance:testrunner.loginTestRunner@51399530]" started-at="2024-04-15T14:48:24 IST" name="runScenario" description="Runs Cucumber Scenarios" data-provider="scenarios" finished-at="2024-04-15T14:48:46 IST" duration-ms="21584" status="PASS">
          <params>
            <param index="0">
              <value>
                <![CDATA["Functionality login with username and password"]]>
              </value>
            </param>
            <param index="1">
              <value>
                <![CDATA["Optional[Login functionality]"]]>
              </value>
            </param>
          </params>
          <reporter-output>
          </reporter-output>
        </test-method> <!-- runScenario -->
        <test-method signature="runScenario(io.cucumber.testng.PickleWrapper,io.cucumber.testng.FeatureWrapper)[pri:0, instance:testrunner.loginTestRunner@51399530]" started-at="2024-04-15T14:48:46 IST" name="runScenario" description="Runs Cucumber Scenarios" data-provider="scenarios" finished-at="2024-04-15T14:49:08 IST" duration-ms="21639" status="PASS">
          <params>
            <param index="0">
              <value>
                <![CDATA["Functionality login with username and no password"]]>
              </value>
            </param>
            <param index="1">
              <value>
                <![CDATA["Optional[Login functionality]"]]>
              </value>
            </param>
          </params>
          <reporter-output>
          </reporter-output>
        </test-method> <!-- runScenario -->
        <test-method signature="runScenario(io.cucumber.testng.PickleWrapper,io.cucumber.testng.FeatureWrapper)[pri:0, instance:testrunner.loginTestRunner@51399530]" started-at="2024-04-15T14:49:08 IST" name="runScenario" description="Runs Cucumber Scenarios" data-provider="scenarios" finished-at="2024-04-15T14:49:28 IST" duration-ms="20757" status="PASS">
          <params>
            <param index="0">
              <value>
                <![CDATA["Functionality login with no username and password"]]>
              </value>
            </param>
            <param index="1">
              <value>
                <![CDATA["Optional[Login functionality]"]]>
              </value>
            </param>
          </params>
          <reporter-output>
          </reporter-output>
        </test-method> <!-- runScenario -->
        <test-method is-config="true" signature="tearDownClass()[pri:0, instance:testrunner.loginTestRunner@51399530]" started-at="2024-04-15T14:49:28 IST" name="tearDownClass" finished-at="2024-04-15T14:49:28 IST" duration-ms="11" status="PASS">
          <reporter-output>
          </reporter-output>
        </test-method> <!-- tearDownClass -->
        <test-method is-config="true" signature="tearDownSuite()[pri:0, instance:testrunner.loginTestRunner@51399530]" started-at="2024-04-15T14:49:29 IST" name="tearDownSuite" finished-at="2024-04-15T14:49:29 IST" duration-ms="566" status="PASS">
          <reporter-output>
          </reporter-output>
        </test-method> <!-- tearDownSuite -->
      </class> <!-- testrunner.loginTestRunner -->
    </test> <!-- Default test -->
  </suite> <!-- Default suite -->
</testng-results>
